<?xml version="1.0" encoding="UTF-8"?>
<!-- Generated by org.testng.reporters.JUnitReportReporter -->
<testsuite hostname="SrinivasS" failures="0" tests="1" name="com.chimera.test.i3Test" time="99.286" errors="0" timestamp="2023-07-31T12:57:50 IST" skipped="0">
  <testcase classname="com.chimera.test.i3Test" name="i3TestMethod" time="99.286"/>
</testsuite> <!-- com.chimera.test.i3Test -->
