<?xml version="1.0" encoding="UTF-8"?>
<!-- Generated by org.testng.reporters.JUnitReportReporter -->
<testsuite hostname="SrinivasS" failures="0" tests="1" name="com.chimera.i3LocalLevelEvents.loginPage" time="5.928" errors="0" timestamp="2023-07-25T12:40:36 IST" skipped="0">
  <testcase classname="com.chimera.i3LocalLevelEvents.loginPage" name="loginPageActions" time="5.928"/>
</testsuite> <!-- com.chimera.i3LocalLevelEvents.loginPage -->
