<?xml version="1.0" encoding="UTF-8"?>
<!-- Generated by org.testng.reporters.JUnitReportReporter -->
<testsuite hostname="SrinivasS" failures="0" tests="1" name="com.chimera.test.extentReportsDemo" time="4.088" errors="0" timestamp="2023-07-31T11:12:51 IST" skipped="0">
  <testcase classname="com.chimera.test.extentReportsDemo" name="demo" time="4.088"/>
</testsuite> <!-- com.chimera.test.extentReportsDemo -->
